2022-09-30 17:47:55 root         INFO     Starting sales producer
2022-09-30 17:47:55 root         INFO     Produced {'seller_id': 'LNK', 'amount_usd': 436, 'sale_ts': 1664540275471} to topic sales-usd partition 0 offset 9
2022-09-30 17:48:00 root         INFO     Produced {'seller_id': 'OMA', 'amount_usd': 511, 'sale_ts': 1664540280759} to topic sales-usd partition 0 offset 19
2022-09-30 17:48:06 root         INFO     Produced {'seller_id': 'DEN', 'amount_usd': 564, 'sale_ts': 1664540285971} to topic sales-usd partition 0 offset 29
2022-09-30 17:48:11 root         INFO     Produced {'seller_id': 'LNK', 'amount_usd': 514, 'sale_ts': 1664540291179} to topic sales-usd partition 0 offset 39
2022-09-30 17:48:16 root         INFO     Produced {'seller_id': 'DEN', 'amount_usd': 996, 'sale_ts': 1664540296387} to topic sales-usd partition 0 offset 49
2022-09-30 17:48:21 root         INFO     Produced {'seller_id': 'OMA', 'amount_usd': 457, 'sale_ts': 1664540301599} to topic sales-usd partition 0 offset 59
2022-09-30 17:48:27 root         INFO     Produced {'seller_id': 'LNK', 'amount_usd': 557, 'sale_ts': 1664540306811} to topic sales-usd partition 0 offset 69
2022-09-30 17:48:32 root         INFO     Produced {'seller_id': 'OMA', 'amount_usd': 384, 'sale_ts': 1664540312023} to topic sales-usd partition 0 offset 79
2022-09-30 17:48:37 root         INFO     Produced {'seller_id': 'KC', 'amount_usd': 127, 'sale_ts': 1664540317235} to topic sales-usd partition 0 offset 89
2022-09-30 17:48:42 root         INFO     Produced {'seller_id': 'KC', 'amount_usd': 844, 'sale_ts': 1664540322443} to topic sales-usd partition 0 offset 99
2022-09-30 17:48:47 root         INFO     Produced {'seller_id': 'LNK', 'amount_usd': 407, 'sale_ts': 1664540327651} to topic sales-usd partition 0 offset 109
2022-09-30 17:48:53 root         INFO     Produced {'seller_id': 'LNK', 'amount_usd': 356, 'sale_ts': 1664540332864} to topic sales-usd partition 0 offset 119
2022-09-30 17:48:58 root         INFO     Produced {'seller_id': 'DEN', 'amount_usd': 856, 'sale_ts': 1664540338071} to topic sales-usd partition 0 offset 129
2022-09-30 17:49:03 root         INFO     Produced {'seller_id': 'DEN', 'amount_usd': 280, 'sale_ts': 1664540343283} to topic sales-usd partition 0 offset 139
2022-09-30 17:49:08 root         INFO     Produced {'seller_id': 'DEN', 'amount_usd': 805, 'sale_ts': 1664540348495} to topic sales-usd partition 0 offset 149
2022-09-30 17:49:13 root         INFO     Produced {'seller_id': 'KC', 'amount_usd': 177, 'sale_ts': 1664540353707} to topic sales-usd partition 0 offset 159
2022-09-30 17:49:19 root         INFO     Produced {'seller_id': 'KC', 'amount_usd': 345, 'sale_ts': 1664540358915} to topic sales-usd partition 0 offset 169
2022-09-30 17:49:24 root         INFO     Produced {'seller_id': 'KC', 'amount_usd': 250, 'sale_ts': 1664540364123} to topic sales-usd partition 0 offset 179
2022-09-30 17:49:29 root         INFO     Produced {'seller_id': 'OMA', 'amount_usd': 638, 'sale_ts': 1664540369335} to topic sales-usd partition 0 offset 189
2022-09-30 17:49:34 root         INFO     Produced {'seller_id': 'LNK', 'amount_usd': 234, 'sale_ts': 1664540374543} to topic sales-usd partition 0 offset 199
2022-09-30 17:49:39 root         INFO     Produced {'seller_id': 'DEN', 'amount_usd': 730, 'sale_ts': 1664540379749} to topic sales-usd partition 0 offset 209
2022-09-30 17:49:45 root         INFO     Produced {'seller_id': 'KC', 'amount_usd': 718, 'sale_ts': 1664540384959} to topic sales-usd partition 0 offset 219
2022-09-30 17:49:50 root         INFO     Produced {'seller_id': 'DEN', 'amount_usd': 522, 'sale_ts': 1664540390163} to topic sales-usd partition 0 offset 229
2022-09-30 17:49:55 root         INFO     Produced {'seller_id': 'KC', 'amount_usd': 664, 'sale_ts': 1664540395371} to topic sales-usd partition 0 offset 239
2022-09-30 17:50:00 root         INFO     Produced {'seller_id': 'LNK', 'amount_usd': 595, 'sale_ts': 1664540400581} to topic sales-usd partition 0 offset 249
2022-09-30 17:50:05 root         INFO     Produced {'seller_id': 'DEN', 'amount_usd': 866, 'sale_ts': 1664540405791} to topic sales-usd partition 0 offset 259
2022-09-30 17:50:11 root         INFO     Produced {'seller_id': 'KC', 'amount_usd': 688, 'sale_ts': 1664540411001} to topic sales-usd partition 0 offset 269
2022-09-30 17:50:16 root         INFO     Produced {'seller_id': 'OMA', 'amount_usd': 748, 'sale_ts': 1664540416207} to topic sales-usd partition 0 offset 279
2022-09-30 17:50:21 root         INFO     Produced {'seller_id': 'DEN', 'amount_usd': 589, 'sale_ts': 1664540421418} to topic sales-usd partition 0 offset 289
2022-09-30 17:50:26 root         INFO     Produced {'seller_id': 'DEN', 'amount_usd': 778, 'sale_ts': 1664540426627} to topic sales-usd partition 0 offset 299
2022-09-30 17:50:32 root         INFO     Produced {'seller_id': 'KC', 'amount_usd': 484, 'sale_ts': 1664540431835} to topic sales-usd partition 0 offset 309
2022-09-30 17:50:37 root         INFO     Produced {'seller_id': 'DEN', 'amount_usd': 417, 'sale_ts': 1664540437043} to topic sales-usd partition 0 offset 319
2022-09-30 17:50:42 root         INFO     Produced {'seller_id': 'OMA', 'amount_usd': 968, 'sale_ts': 1664540442251} to topic sales-usd partition 0 offset 329
2022-09-30 17:50:47 root         INFO     Produced {'seller_id': 'DEN', 'amount_usd': 307, 'sale_ts': 1664540447459} to topic sales-usd partition 0 offset 339
2022-09-30 17:50:52 root         INFO     Produced {'seller_id': 'DEN', 'amount_usd': 233, 'sale_ts': 1664540452667} to topic sales-usd partition 0 offset 349
2022-09-30 17:50:58 root         INFO     Produced {'seller_id': 'DEN', 'amount_usd': 296, 'sale_ts': 1664540457875} to topic sales-usd partition 0 offset 359
2022-09-30 17:51:03 root         INFO     Produced {'seller_id': 'KC', 'amount_usd': 132, 'sale_ts': 1664540463084} to topic sales-usd partition 0 offset 369
2022-09-30 17:51:08 root         INFO     Produced {'seller_id': 'DEN', 'amount_usd': 574, 'sale_ts': 1664540468295} to topic sales-usd partition 0 offset 379
2022-09-30 17:51:13 root         INFO     Produced {'seller_id': 'OMA', 'amount_usd': 850, 'sale_ts': 1664540473505} to topic sales-usd partition 0 offset 389
2022-09-30 17:51:18 root         INFO     Produced {'seller_id': 'LNK', 'amount_usd': 304, 'sale_ts': 1664540478716} to topic sales-usd partition 0 offset 399
2022-09-30 17:51:24 root         INFO     Produced {'seller_id': 'KC', 'amount_usd': 680, 'sale_ts': 1664540483923} to topic sales-usd partition 0 offset 409
2022-09-30 17:51:29 root         INFO     Produced {'seller_id': 'LNK', 'amount_usd': 862, 'sale_ts': 1664540489132} to topic sales-usd partition 0 offset 419
2022-09-30 17:51:34 root         INFO     Produced {'seller_id': 'DEN', 'amount_usd': 696, 'sale_ts': 1664540494339} to topic sales-usd partition 0 offset 429
2022-09-30 17:51:39 root         INFO     Produced {'seller_id': 'LNK', 'amount_usd': 254, 'sale_ts': 1664540499549} to topic sales-usd partition 0 offset 439
2022-09-30 17:51:44 root         INFO     Produced {'seller_id': 'OMA', 'amount_usd': 253, 'sale_ts': 1664540504759} to topic sales-usd partition 0 offset 449
2022-09-30 17:51:50 root         INFO     Produced {'seller_id': 'DEN', 'amount_usd': 965, 'sale_ts': 1664540509967} to topic sales-usd partition 0 offset 459
2022-09-30 17:51:55 root         INFO     Produced {'seller_id': 'LNK', 'amount_usd': 295, 'sale_ts': 1664540515176} to topic sales-usd partition 0 offset 469
2022-09-30 17:52:00 root         INFO     Produced {'seller_id': 'LNK', 'amount_usd': 797, 'sale_ts': 1664540520387} to topic sales-usd partition 0 offset 479
2022-09-30 17:52:05 root         INFO     Produced {'seller_id': 'OMA', 'amount_usd': 688, 'sale_ts': 1664540525595} to topic sales-usd partition 0 offset 489
2022-09-30 17:52:11 root         INFO     Produced {'seller_id': 'KC', 'amount_usd': 499, 'sale_ts': 1664540530803} to topic sales-usd partition 0 offset 499
2022-09-30 17:52:16 root         INFO     Produced {'seller_id': 'OMA', 'amount_usd': 968, 'sale_ts': 1664540536019} to topic sales-usd partition 0 offset 509
2022-09-30 17:52:21 root         INFO     Produced {'seller_id': 'KC', 'amount_usd': 166, 'sale_ts': 1664540541227} to topic sales-usd partition 0 offset 519
2022-09-30 17:52:26 root         INFO     Produced {'seller_id': 'OMA', 'amount_usd': 942, 'sale_ts': 1664540546431} to topic sales-usd partition 0 offset 529
2022-09-30 17:52:31 root         INFO     Produced {'seller_id': 'DEN', 'amount_usd': 630, 'sale_ts': 1664540551639} to topic sales-usd partition 0 offset 539
2022-09-30 17:52:37 root         INFO     Produced {'seller_id': 'DEN', 'amount_usd': 177, 'sale_ts': 1664540556848} to topic sales-usd partition 0 offset 549
2022-09-30 17:52:42 root         INFO     Produced {'seller_id': 'KC', 'amount_usd': 319, 'sale_ts': 1664540562057} to topic sales-usd partition 0 offset 559
2022-09-30 17:52:47 root         INFO     Produced {'seller_id': 'KC', 'amount_usd': 441, 'sale_ts': 1664540567267} to topic sales-usd partition 0 offset 569
2022-09-30 17:52:52 root         INFO     Produced {'seller_id': 'LNK', 'amount_usd': 464, 'sale_ts': 1664540572479} to topic sales-usd partition 0 offset 579
2022-09-30 17:52:57 root         INFO     Produced {'seller_id': 'OMA', 'amount_usd': 828, 'sale_ts': 1664540577687} to topic sales-usd partition 0 offset 589
2022-09-30 17:53:03 root         INFO     Produced {'seller_id': 'KC', 'amount_usd': 291, 'sale_ts': 1664540582895} to topic sales-usd partition 0 offset 599
2022-09-30 17:53:08 root         INFO     Produced {'seller_id': 'OMA', 'amount_usd': 254, 'sale_ts': 1664540588103} to topic sales-usd partition 0 offset 609
2022-09-30 17:53:13 root         INFO     Produced {'seller_id': 'DEN', 'amount_usd': 950, 'sale_ts': 1664540593311} to topic sales-usd partition 0 offset 619
2022-09-30 17:53:18 root         INFO     Produced {'seller_id': 'LNK', 'amount_usd': 234, 'sale_ts': 1664540598519} to topic sales-usd partition 0 offset 629
2022-09-30 17:53:23 root         INFO     Produced {'seller_id': 'DEN', 'amount_usd': 358, 'sale_ts': 1664540603731} to topic sales-usd partition 0 offset 639
2022-09-30 17:53:29 root         INFO     Produced {'seller_id': 'KC', 'amount_usd': 277, 'sale_ts': 1664540608939} to topic sales-usd partition 0 offset 649
2022-09-30 17:53:34 root         INFO     Produced {'seller_id': 'DEN', 'amount_usd': 317, 'sale_ts': 1664540614150} to topic sales-usd partition 0 offset 659
2022-09-30 17:53:39 root         INFO     Produced {'seller_id': 'DEN', 'amount_usd': 749, 'sale_ts': 1664540619359} to topic sales-usd partition 0 offset 669
2022-09-30 17:53:44 root         INFO     Produced {'seller_id': 'KC', 'amount_usd': 332, 'sale_ts': 1664540624567} to topic sales-usd partition 0 offset 679
2022-09-30 17:53:49 root         INFO     Produced {'seller_id': 'OMA', 'amount_usd': 560, 'sale_ts': 1664540629775} to topic sales-usd partition 0 offset 689
2022-09-30 17:53:55 root         INFO     Produced {'seller_id': 'LNK', 'amount_usd': 155, 'sale_ts': 1664540634983} to topic sales-usd partition 0 offset 699
2022-09-30 17:54:00 root         INFO     Produced {'seller_id': 'KC', 'amount_usd': 115, 'sale_ts': 1664540640191} to topic sales-usd partition 0 offset 709
2022-09-30 17:54:05 root         INFO     Produced {'seller_id': 'LNK', 'amount_usd': 618, 'sale_ts': 1664540645400} to topic sales-usd partition 0 offset 719
2022-09-30 17:54:10 root         INFO     Produced {'seller_id': 'LNK', 'amount_usd': 867, 'sale_ts': 1664540650611} to topic sales-usd partition 0 offset 729
2022-09-30 17:54:16 root         INFO     Produced {'seller_id': 'KC', 'amount_usd': 168, 'sale_ts': 1664540655819} to topic sales-usd partition 0 offset 739
2022-09-30 17:54:21 root         INFO     Produced {'seller_id': 'LNK', 'amount_usd': 469, 'sale_ts': 1664540661026} to topic sales-usd partition 0 offset 749
2022-09-30 17:54:26 root         INFO     Produced {'seller_id': 'LNK', 'amount_usd': 344, 'sale_ts': 1664540666234} to topic sales-usd partition 0 offset 759
2022-09-30 17:54:31 root         INFO     Produced {'seller_id': 'DEN', 'amount_usd': 817, 'sale_ts': 1664540671443} to topic sales-usd partition 0 offset 769
2022-09-30 17:54:36 root         INFO     Produced {'seller_id': 'LNK', 'amount_usd': 880, 'sale_ts': 1664540676647} to topic sales-usd partition 0 offset 779
2022-09-30 17:54:42 root         INFO     Produced {'seller_id': 'DEN', 'amount_usd': 178, 'sale_ts': 1664540681855} to topic sales-usd partition 0 offset 789
2022-09-30 17:54:47 root         INFO     Produced {'seller_id': 'DEN', 'amount_usd': 600, 'sale_ts': 1664540687063} to topic sales-usd partition 0 offset 799
2022-09-30 17:54:52 root         INFO     Produced {'seller_id': 'LNK', 'amount_usd': 428, 'sale_ts': 1664540692275} to topic sales-usd partition 0 offset 809
2022-09-30 17:54:57 root         INFO     Produced {'seller_id': 'DEN', 'amount_usd': 732, 'sale_ts': 1664540697483} to topic sales-usd partition 0 offset 819
2022-09-30 17:55:02 root         INFO     Produced {'seller_id': 'LNK', 'amount_usd': 318, 'sale_ts': 1664540702687} to topic sales-usd partition 0 offset 829
2022-09-30 17:55:08 root         INFO     Produced {'seller_id': 'OMA', 'amount_usd': 689, 'sale_ts': 1664540707895} to topic sales-usd partition 0 offset 839
2022-09-30 17:55:13 root         INFO     Produced {'seller_id': 'LNK', 'amount_usd': 144, 'sale_ts': 1664540713103} to topic sales-usd partition 0 offset 849
2022-09-30 17:55:18 root         INFO     Produced {'seller_id': 'KC', 'amount_usd': 824, 'sale_ts': 1664540718307} to topic sales-usd partition 0 offset 859
2022-09-30 17:55:23 root         INFO     Produced {'seller_id': 'KC', 'amount_usd': 274, 'sale_ts': 1664540723515} to topic sales-usd partition 0 offset 869
2022-09-30 17:55:28 root         INFO     Produced {'seller_id': 'KC', 'amount_usd': 956, 'sale_ts': 1664540728723} to topic sales-usd partition 0 offset 879
2022-09-30 17:55:34 root         INFO     Produced {'seller_id': 'DEN', 'amount_usd': 732, 'sale_ts': 1664540733939} to topic sales-usd partition 0 offset 889
2022-09-30 17:55:39 root         INFO     Produced {'seller_id': 'KC', 'amount_usd': 665, 'sale_ts': 1664540739147} to topic sales-usd partition 0 offset 899
2022-09-30 17:55:44 root         INFO     Produced {'seller_id': 'LNK', 'amount_usd': 772, 'sale_ts': 1664540744356} to topic sales-usd partition 0 offset 909
2022-09-30 17:55:49 root         INFO     Produced {'seller_id': 'DEN', 'amount_usd': 362, 'sale_ts': 1664540749567} to topic sales-usd partition 0 offset 919
2022-09-30 17:55:54 root         INFO     Produced {'seller_id': 'OMA', 'amount_usd': 625, 'sale_ts': 1664540754776} to topic sales-usd partition 0 offset 929
2022-09-30 17:56:00 root         INFO     Produced {'seller_id': 'LNK', 'amount_usd': 682, 'sale_ts': 1664540759983} to topic sales-usd partition 0 offset 939
2022-09-30 17:56:05 root         INFO     Produced {'seller_id': 'DEN', 'amount_usd': 247, 'sale_ts': 1664540765191} to topic sales-usd partition 0 offset 949
2022-09-30 17:56:10 root         INFO     Produced {'seller_id': 'KC', 'amount_usd': 187, 'sale_ts': 1664540770399} to topic sales-usd partition 0 offset 959
2022-09-30 17:56:15 root         INFO     Produced {'seller_id': 'DEN', 'amount_usd': 211, 'sale_ts': 1664540775608} to topic sales-usd partition 0 offset 969
2022-09-30 17:56:21 root         INFO     Produced {'seller_id': 'KC', 'amount_usd': 656, 'sale_ts': 1664540780816} to topic sales-usd partition 0 offset 979
2022-09-30 17:56:26 root         INFO     Produced {'seller_id': 'DEN', 'amount_usd': 164, 'sale_ts': 1664540786023} to topic sales-usd partition 0 offset 989
2022-09-30 17:56:31 root         INFO     Produced {'seller_id': 'KC', 'amount_usd': 386, 'sale_ts': 1664540791231} to topic sales-usd partition 0 offset 999
2022-09-30 17:56:36 root         INFO     Produced {'seller_id': 'LNK', 'amount_usd': 228, 'sale_ts': 1664540796439} to topic sales-usd partition 0 offset 1009
2022-09-30 17:56:41 root         INFO     Produced {'seller_id': 'OMA', 'amount_usd': 134, 'sale_ts': 1664540801648} to topic sales-usd partition 0 offset 1019
2022-09-30 17:56:47 root         INFO     Produced {'seller_id': 'DEN', 'amount_usd': 162, 'sale_ts': 1664540806858} to topic sales-usd partition 0 offset 1029
2022-09-30 17:56:52 root         INFO     Produced {'seller_id': 'LNK', 'amount_usd': 775, 'sale_ts': 1664540812067} to topic sales-usd partition 0 offset 1039
2022-09-30 17:56:57 root         INFO     Produced {'seller_id': 'LNK', 'amount_usd': 450, 'sale_ts': 1664540817275} to topic sales-usd partition 0 offset 1049
2022-09-30 17:57:02 root         INFO     Produced {'seller_id': 'OMA', 'amount_usd': 557, 'sale_ts': 1664540822483} to topic sales-usd partition 0 offset 1059
2022-09-30 17:57:07 root         INFO     Produced {'seller_id': 'LNK', 'amount_usd': 720, 'sale_ts': 1664540827691} to topic sales-usd partition 0 offset 1069
2022-09-30 17:57:13 root         INFO     Produced {'seller_id': 'KC', 'amount_usd': 586, 'sale_ts': 1664540832899} to topic sales-usd partition 0 offset 1079
2022-09-30 17:57:18 root         INFO     Produced {'seller_id': 'LNK', 'amount_usd': 831, 'sale_ts': 1664540838108} to topic sales-usd partition 0 offset 1089
2022-09-30 17:57:23 root         INFO     Produced {'seller_id': 'LNK', 'amount_usd': 176, 'sale_ts': 1664540843315} to topic sales-usd partition 0 offset 1099
2022-09-30 17:57:28 root         INFO     Produced {'seller_id': 'LNK', 'amount_usd': 960, 'sale_ts': 1664540848524} to topic sales-usd partition 0 offset 1109
2022-09-30 17:57:33 root         INFO     Produced {'seller_id': 'LNK', 'amount_usd': 581, 'sale_ts': 1664540853731} to topic sales-usd partition 0 offset 1119
2022-09-30 17:57:39 root         INFO     Produced {'seller_id': 'OMA', 'amount_usd': 250, 'sale_ts': 1664540858939} to topic sales-usd partition 0 offset 1129
2022-09-30 17:57:44 root         INFO     Produced {'seller_id': 'OMA', 'amount_usd': 559, 'sale_ts': 1664540864147} to topic sales-usd partition 0 offset 1139
2022-09-30 17:57:49 root         INFO     Produced {'seller_id': 'DEN', 'amount_usd': 149, 'sale_ts': 1664540869355} to topic sales-usd partition 0 offset 1149
2022-09-30 17:57:54 root         INFO     Produced {'seller_id': 'OMA', 'amount_usd': 862, 'sale_ts': 1664540874562} to topic sales-usd partition 0 offset 1159
2022-09-30 17:57:59 root         INFO     Produced {'seller_id': 'DEN', 'amount_usd': 713, 'sale_ts': 1664540879771} to topic sales-usd partition 0 offset 1169
2022-09-30 17:58:05 root         INFO     Produced {'seller_id': 'OMA', 'amount_usd': 901, 'sale_ts': 1664540884979} to topic sales-usd partition 0 offset 1179
2022-09-30 17:58:10 root         INFO     Produced {'seller_id': 'KC', 'amount_usd': 193, 'sale_ts': 1664540890187} to topic sales-usd partition 0 offset 1189
2022-09-30 17:58:15 root         INFO     Produced {'seller_id': 'KC', 'amount_usd': 220, 'sale_ts': 1664540895397} to topic sales-usd partition 0 offset 1199
2022-09-30 17:58:20 root         INFO     Produced {'seller_id': 'LNK', 'amount_usd': 990, 'sale_ts': 1664540900605} to topic sales-usd partition 0 offset 1209
2022-09-30 17:58:26 root         INFO     Produced {'seller_id': 'KC', 'amount_usd': 296, 'sale_ts': 1664540905815} to topic sales-usd partition 0 offset 1219
2022-09-30 17:58:31 root         INFO     Produced {'seller_id': 'LNK', 'amount_usd': 875, 'sale_ts': 1664540911023} to topic sales-usd partition 0 offset 1229
2022-09-30 17:58:36 root         INFO     Produced {'seller_id': 'OMA', 'amount_usd': 579, 'sale_ts': 1664540916231} to topic sales-usd partition 0 offset 1239
2022-09-30 17:58:41 root         INFO     Produced {'seller_id': 'DEN', 'amount_usd': 871, 'sale_ts': 1664540921439} to topic sales-usd partition 0 offset 1249
2022-09-30 17:58:46 root         INFO     Produced {'seller_id': 'KC', 'amount_usd': 170, 'sale_ts': 1664540926645} to topic sales-usd partition 0 offset 1259
2022-09-30 17:58:52 root         INFO     Produced {'seller_id': 'DEN', 'amount_usd': 601, 'sale_ts': 1664540931851} to topic sales-usd partition 0 offset 1269
2022-09-30 17:58:57 root         INFO     Produced {'seller_id': 'KC', 'amount_usd': 795, 'sale_ts': 1664540937062} to topic sales-usd partition 0 offset 1279
2022-09-30 17:59:02 root         INFO     Produced {'seller_id': 'DEN', 'amount_usd': 368, 'sale_ts': 1664540942271} to topic sales-usd partition 0 offset 1289
2022-09-30 17:59:07 root         INFO     Produced {'seller_id': 'KC', 'amount_usd': 851, 'sale_ts': 1664540947479} to topic sales-usd partition 0 offset 1299
2022-09-30 17:59:12 root         INFO     Produced {'seller_id': 'OMA', 'amount_usd': 514, 'sale_ts': 1664540952686} to topic sales-usd partition 0 offset 1309
2022-09-30 17:59:18 root         INFO     Produced {'seller_id': 'OMA', 'amount_usd': 866, 'sale_ts': 1664540957895} to topic sales-usd partition 0 offset 1319
2022-09-30 17:59:23 root         INFO     Produced {'seller_id': 'OMA', 'amount_usd': 693, 'sale_ts': 1664540963108} to topic sales-usd partition 0 offset 1329
2022-09-30 17:59:28 root         INFO     Produced {'seller_id': 'LNK', 'amount_usd': 867, 'sale_ts': 1664540968315} to topic sales-usd partition 0 offset 1339
2022-09-30 17:59:33 root         INFO     Produced {'seller_id': 'LNK', 'amount_usd': 628, 'sale_ts': 1664540973523} to topic sales-usd partition 0 offset 1349
2022-09-30 17:59:38 root         INFO     Produced {'seller_id': 'OMA', 'amount_usd': 268, 'sale_ts': 1664540978731} to topic sales-usd partition 0 offset 1359
2022-09-30 17:59:44 root         INFO     Produced {'seller_id': 'DEN', 'amount_usd': 247, 'sale_ts': 1664540983939} to topic sales-usd partition 0 offset 1369
2022-09-30 17:59:49 root         INFO     Produced {'seller_id': 'OMA', 'amount_usd': 883, 'sale_ts': 1664540989148} to topic sales-usd partition 0 offset 1379
2022-09-30 17:59:54 root         INFO     Produced {'seller_id': 'DEN', 'amount_usd': 312, 'sale_ts': 1664540994355} to topic sales-usd partition 0 offset 1389
2022-09-30 17:59:59 root         INFO     Produced {'seller_id': 'DEN', 'amount_usd': 931, 'sale_ts': 1664540999563} to topic sales-usd partition 0 offset 1399
2022-09-30 18:00:04 root         INFO     Produced {'seller_id': 'OMA', 'amount_usd': 761, 'sale_ts': 1664541004770} to topic sales-usd partition 0 offset 1409
2022-09-30 18:00:10 root         INFO     Produced {'seller_id': 'KC', 'amount_usd': 541, 'sale_ts': 1664541009975} to topic sales-usd partition 0 offset 1419
2022-09-30 18:00:15 root         INFO     Produced {'seller_id': 'DEN', 'amount_usd': 314, 'sale_ts': 1664541015179} to topic sales-usd partition 0 offset 1429
2022-09-30 18:00:20 root         INFO     Produced {'seller_id': 'DEN', 'amount_usd': 385, 'sale_ts': 1664541020387} to topic sales-usd partition 0 offset 1439
2022-09-30 18:00:25 root         INFO     Produced {'seller_id': 'LNK', 'amount_usd': 462, 'sale_ts': 1664541025595} to topic sales-usd partition 0 offset 1449
2022-09-30 18:00:31 root         INFO     Produced {'seller_id': 'KC', 'amount_usd': 178, 'sale_ts': 1664541030806} to topic sales-usd partition 0 offset 1459
2022-09-30 18:00:36 root         INFO     Produced {'seller_id': 'LNK', 'amount_usd': 927, 'sale_ts': 1664541036011} to topic sales-usd partition 0 offset 1469
2022-09-30 18:00:41 root         INFO     Produced {'seller_id': 'DEN', 'amount_usd': 998, 'sale_ts': 1664541041219} to topic sales-usd partition 0 offset 1479
2022-09-30 18:00:46 root         INFO     Produced {'seller_id': 'DEN', 'amount_usd': 620, 'sale_ts': 1664541046427} to topic sales-usd partition 0 offset 1489
2022-09-30 18:00:51 root         INFO     Produced {'seller_id': 'LNK', 'amount_usd': 665, 'sale_ts': 1664541051633} to topic sales-usd partition 0 offset 1499
2022-09-30 18:00:57 root         INFO     Produced {'seller_id': 'LNK', 'amount_usd': 632, 'sale_ts': 1664541056842} to topic sales-usd partition 0 offset 1509
2022-09-30 18:01:02 root         INFO     Produced {'seller_id': 'KC', 'amount_usd': 652, 'sale_ts': 1664541062051} to topic sales-usd partition 0 offset 1519
2022-09-30 18:01:07 root         INFO     Produced {'seller_id': 'KC', 'amount_usd': 306, 'sale_ts': 1664541067260} to topic sales-usd partition 0 offset 1529
2022-09-30 18:01:12 root         INFO     Produced {'seller_id': 'OMA', 'amount_usd': 557, 'sale_ts': 1664541072467} to topic sales-usd partition 0 offset 1539
2022-09-30 18:01:17 root         INFO     Produced {'seller_id': 'KC', 'amount_usd': 653, 'sale_ts': 1664541077675} to topic sales-usd partition 0 offset 1549
2022-09-30 18:01:23 root         INFO     Produced {'seller_id': 'LNK', 'amount_usd': 591, 'sale_ts': 1664541082883} to topic sales-usd partition 0 offset 1559
2022-09-30 18:01:28 root         INFO     Produced {'seller_id': 'KC', 'amount_usd': 541, 'sale_ts': 1664541088091} to topic sales-usd partition 0 offset 1569
2022-09-30 18:01:33 root         INFO     Produced {'seller_id': 'KC', 'amount_usd': 667, 'sale_ts': 1664541093299} to topic sales-usd partition 0 offset 1579
2022-09-30 18:01:38 root         INFO     Produced {'seller_id': 'KC', 'amount_usd': 961, 'sale_ts': 1664541098507} to topic sales-usd partition 0 offset 1589
2022-09-30 18:01:43 root         INFO     Produced {'seller_id': 'LNK', 'amount_usd': 760, 'sale_ts': 1664541103711} to topic sales-usd partition 0 offset 1599
2022-09-30 18:01:49 root         INFO     Produced {'seller_id': 'KC', 'amount_usd': 481, 'sale_ts': 1664541108923} to topic sales-usd partition 0 offset 1609
2022-09-30 18:01:54 root         INFO     Produced {'seller_id': 'OMA', 'amount_usd': 212, 'sale_ts': 1664541114131} to topic sales-usd partition 0 offset 1619
2022-09-30 18:01:59 root         INFO     Produced {'seller_id': 'KC', 'amount_usd': 712, 'sale_ts': 1664541119339} to topic sales-usd partition 0 offset 1629
2022-09-30 18:02:04 root         INFO     Produced {'seller_id': 'OMA', 'amount_usd': 700, 'sale_ts': 1664541124547} to topic sales-usd partition 0 offset 1639
2022-09-30 18:02:09 root         INFO     Produced {'seller_id': 'OMA', 'amount_usd': 765, 'sale_ts': 1664541129756} to topic sales-usd partition 0 offset 1649
2022-09-30 18:02:15 root         INFO     Produced {'seller_id': 'LNK', 'amount_usd': 881, 'sale_ts': 1664541134963} to topic sales-usd partition 0 offset 1659
2022-09-30 18:02:20 root         INFO     Produced {'seller_id': 'LNK', 'amount_usd': 943, 'sale_ts': 1664541140172} to topic sales-usd partition 0 offset 1669
2022-09-30 18:02:25 root         INFO     Produced {'seller_id': 'DEN', 'amount_usd': 231, 'sale_ts': 1664541145379} to topic sales-usd partition 0 offset 1679
2022-09-30 18:02:30 root         INFO     Produced {'seller_id': 'LNK', 'amount_usd': 914, 'sale_ts': 1664541150587} to topic sales-usd partition 0 offset 1689
2022-09-30 18:02:36 root         INFO     Produced {'seller_id': 'OMA', 'amount_usd': 812, 'sale_ts': 1664541155796} to topic sales-usd partition 0 offset 1699
2022-09-30 18:02:41 root         INFO     Produced {'seller_id': 'KC', 'amount_usd': 457, 'sale_ts': 1664541161005} to topic sales-usd partition 0 offset 1709
2022-09-30 18:02:46 root         INFO     Produced {'seller_id': 'DEN', 'amount_usd': 229, 'sale_ts': 1664541166213} to topic sales-usd partition 0 offset 1719
2022-09-30 18:02:51 root         INFO     Produced {'seller_id': 'OMA', 'amount_usd': 328, 'sale_ts': 1664541171419} to topic sales-usd partition 0 offset 1729
2022-09-30 18:02:56 root         INFO     Produced {'seller_id': 'OMA', 'amount_usd': 877, 'sale_ts': 1664541176627} to topic sales-usd partition 0 offset 1739
2022-09-30 18:03:02 root         INFO     Produced {'seller_id': 'DEN', 'amount_usd': 553, 'sale_ts': 1664541181839} to topic sales-usd partition 0 offset 1749
2022-09-30 18:03:07 root         INFO     Produced {'seller_id': 'OMA', 'amount_usd': 978, 'sale_ts': 1664541187048} to topic sales-usd partition 0 offset 1759
2022-09-30 18:03:12 root         INFO     Produced {'seller_id': 'DEN', 'amount_usd': 894, 'sale_ts': 1664541192255} to topic sales-usd partition 0 offset 1769
2022-09-30 18:03:17 root         INFO     Produced {'seller_id': 'OMA', 'amount_usd': 878, 'sale_ts': 1664541197462} to topic sales-usd partition 0 offset 1779
2022-09-30 18:03:22 root         INFO     Produced {'seller_id': 'LNK', 'amount_usd': 543, 'sale_ts': 1664541202667} to topic sales-usd partition 0 offset 1789
2022-09-30 18:03:28 root         INFO     Produced {'seller_id': 'LNK', 'amount_usd': 182, 'sale_ts': 1664541207875} to topic sales-usd partition 0 offset 1799
2022-09-30 18:03:33 root         INFO     Produced {'seller_id': 'KC', 'amount_usd': 761, 'sale_ts': 1664541213085} to topic sales-usd partition 0 offset 1809
2022-09-30 18:03:38 root         INFO     Produced {'seller_id': 'DEN', 'amount_usd': 914, 'sale_ts': 1664541218292} to topic sales-usd partition 0 offset 1819
2022-09-30 18:03:43 root         INFO     Produced {'seller_id': 'LNK', 'amount_usd': 282, 'sale_ts': 1664541223499} to topic sales-usd partition 0 offset 1829
2022-09-30 18:03:48 root         INFO     Produced {'seller_id': 'DEN', 'amount_usd': 315, 'sale_ts': 1664541228707} to topic sales-usd partition 0 offset 1839
2022-09-30 18:03:54 root         INFO     Produced {'seller_id': 'LNK', 'amount_usd': 625, 'sale_ts': 1664541233915} to topic sales-usd partition 0 offset 1849
2022-09-30 18:03:59 root         INFO     Produced {'seller_id': 'KC', 'amount_usd': 859, 'sale_ts': 1664541239123} to topic sales-usd partition 0 offset 1859
2022-09-30 18:04:04 root         INFO     Produced {'seller_id': 'OMA', 'amount_usd': 404, 'sale_ts': 1664541244331} to topic sales-usd partition 0 offset 1869
2022-09-30 18:04:09 root         INFO     Produced {'seller_id': 'LNK', 'amount_usd': 445, 'sale_ts': 1664541249537} to topic sales-usd partition 0 offset 1879
2022-09-30 18:04:14 root         INFO     Produced {'seller_id': 'DEN', 'amount_usd': 798, 'sale_ts': 1664541254743} to topic sales-usd partition 0 offset 1889
2022-09-30 18:04:20 root         INFO     Produced {'seller_id': 'LNK', 'amount_usd': 981, 'sale_ts': 1664541259951} to topic sales-usd partition 0 offset 1899
2022-09-30 18:04:25 root         INFO     Produced {'seller_id': 'DEN', 'amount_usd': 588, 'sale_ts': 1664541265161} to topic sales-usd partition 0 offset 1909
2022-09-30 18:04:30 root         INFO     Produced {'seller_id': 'OMA', 'amount_usd': 139, 'sale_ts': 1664541270367} to topic sales-usd partition 0 offset 1919
2022-09-30 18:04:35 root         INFO     Produced {'seller_id': 'DEN', 'amount_usd': 935, 'sale_ts': 1664541275575} to topic sales-usd partition 0 offset 1929
2022-09-30 18:04:40 root         INFO     Produced {'seller_id': 'DEN', 'amount_usd': 934, 'sale_ts': 1664541280783} to topic sales-usd partition 0 offset 1939
2022-09-30 18:04:46 root         INFO     Produced {'seller_id': 'LNK', 'amount_usd': 127, 'sale_ts': 1664541285991} to topic sales-usd partition 0 offset 1949
2022-09-30 18:04:51 root         INFO     Produced {'seller_id': 'LNK', 'amount_usd': 117, 'sale_ts': 1664541291200} to topic sales-usd partition 0 offset 1959
2022-09-30 18:04:56 root         INFO     Produced {'seller_id': 'LNK', 'amount_usd': 898, 'sale_ts': 1664541296407} to topic sales-usd partition 0 offset 1969
2022-09-30 18:05:01 root         INFO     Produced {'seller_id': 'OMA', 'amount_usd': 489, 'sale_ts': 1664541301615} to topic sales-usd partition 0 offset 1979
2022-09-30 18:05:07 root         INFO     Produced {'seller_id': 'OMA', 'amount_usd': 254, 'sale_ts': 1664541306823} to topic sales-usd partition 0 offset 1989
2022-09-30 18:05:12 root         INFO     Produced {'seller_id': 'DEN', 'amount_usd': 551, 'sale_ts': 1664541312031} to topic sales-usd partition 0 offset 1999
2022-09-30 18:05:17 root         INFO     Produced {'seller_id': 'KC', 'amount_usd': 678, 'sale_ts': 1664541317240} to topic sales-usd partition 0 offset 2009
2022-09-30 18:05:22 root         INFO     Produced {'seller_id': 'OMA', 'amount_usd': 164, 'sale_ts': 1664541322447} to topic sales-usd partition 0 offset 2019
2022-09-30 18:05:27 root         INFO     Produced {'seller_id': 'OMA', 'amount_usd': 296, 'sale_ts': 1664541327655} to topic sales-usd partition 0 offset 2029
2022-09-30 18:05:33 root         INFO     Produced {'seller_id': 'KC', 'amount_usd': 517, 'sale_ts': 1664541332863} to topic sales-usd partition 0 offset 2039
2022-09-30 18:05:38 root         INFO     Produced {'seller_id': 'OMA', 'amount_usd': 609, 'sale_ts': 1664541338071} to topic sales-usd partition 0 offset 2049
2022-09-30 18:05:43 root         INFO     Produced {'seller_id': 'LNK', 'amount_usd': 103, 'sale_ts': 1664541343281} to topic sales-usd partition 0 offset 2059
2022-09-30 18:05:48 root         INFO     Produced {'seller_id': 'DEN', 'amount_usd': 593, 'sale_ts': 1664541348487} to topic sales-usd partition 0 offset 2069
2022-09-30 18:05:53 root         INFO     Produced {'seller_id': 'LNK', 'amount_usd': 556, 'sale_ts': 1664541353695} to topic sales-usd partition 0 offset 2079
2022-09-30 18:05:59 root         INFO     Produced {'seller_id': 'KC', 'amount_usd': 256, 'sale_ts': 1664541358904} to topic sales-usd partition 0 offset 2089
2022-09-30 18:06:04 root         INFO     Produced {'seller_id': 'OMA', 'amount_usd': 642, 'sale_ts': 1664541364111} to topic sales-usd partition 0 offset 2099
2022-09-30 18:06:09 root         INFO     Produced {'seller_id': 'LNK', 'amount_usd': 884, 'sale_ts': 1664541369319} to topic sales-usd partition 0 offset 2109
2022-09-30 18:06:14 root         INFO     Produced {'seller_id': 'KC', 'amount_usd': 445, 'sale_ts': 1664541374527} to topic sales-usd partition 0 offset 2119
2022-09-30 18:06:19 root         INFO     Produced {'seller_id': 'DEN', 'amount_usd': 555, 'sale_ts': 1664541379736} to topic sales-usd partition 0 offset 2129
2022-09-30 18:06:25 root         INFO     Produced {'seller_id': 'DEN', 'amount_usd': 722, 'sale_ts': 1664541384943} to topic sales-usd partition 0 offset 2139
2022-09-30 18:06:30 root         INFO     Produced {'seller_id': 'LNK', 'amount_usd': 306, 'sale_ts': 1664541390151} to topic sales-usd partition 0 offset 2149
2022-09-30 18:06:35 root         INFO     Produced {'seller_id': 'OMA', 'amount_usd': 327, 'sale_ts': 1664541395355} to topic sales-usd partition 0 offset 2159
2022-09-30 18:06:40 root         INFO     Produced {'seller_id': 'KC', 'amount_usd': 447, 'sale_ts': 1664541400565} to topic sales-usd partition 0 offset 2169
2022-09-30 18:06:45 root         INFO     Produced {'seller_id': 'KC', 'amount_usd': 178, 'sale_ts': 1664541405772} to topic sales-usd partition 0 offset 2179
2022-09-30 18:06:51 root         INFO     Produced {'seller_id': 'OMA', 'amount_usd': 995, 'sale_ts': 1664541410983} to topic sales-usd partition 0 offset 2189
2022-09-30 18:06:56 root         INFO     Produced {'seller_id': 'DEN', 'amount_usd': 509, 'sale_ts': 1664541416191} to topic sales-usd partition 0 offset 2199
2022-09-30 18:07:01 root         INFO     Produced {'seller_id': 'DEN', 'amount_usd': 300, 'sale_ts': 1664541421395} to topic sales-usd partition 0 offset 2209
2022-09-30 18:07:06 root         INFO     Produced {'seller_id': 'OMA', 'amount_usd': 440, 'sale_ts': 1664541426603} to topic sales-usd partition 0 offset 2219
2022-09-30 18:07:12 root         INFO     Produced {'seller_id': 'LNK', 'amount_usd': 843, 'sale_ts': 1664541431819} to topic sales-usd partition 0 offset 2229
2022-09-30 18:07:17 root         INFO     Produced {'seller_id': 'KC', 'amount_usd': 646, 'sale_ts': 1664541437027} to topic sales-usd partition 0 offset 2239
2022-09-30 18:07:22 root         INFO     Produced {'seller_id': 'LNK', 'amount_usd': 402, 'sale_ts': 1664541442236} to topic sales-usd partition 0 offset 2249
2022-09-30 18:07:27 root         INFO     Produced {'seller_id': 'OMA', 'amount_usd': 150, 'sale_ts': 1664541447443} to topic sales-usd partition 0 offset 2259
2022-09-30 18:07:32 root         INFO     Produced {'seller_id': 'LNK', 'amount_usd': 326, 'sale_ts': 1664541452647} to topic sales-usd partition 0 offset 2269
2022-09-30 18:07:38 root         INFO     Produced {'seller_id': 'LNK', 'amount_usd': 898, 'sale_ts': 1664541457855} to topic sales-usd partition 0 offset 2279
2022-09-30 18:07:43 root         INFO     Produced {'seller_id': 'OMA', 'amount_usd': 129, 'sale_ts': 1664541463060} to topic sales-usd partition 0 offset 2289
2022-09-30 18:07:48 root         INFO     Produced {'seller_id': 'DEN', 'amount_usd': 885, 'sale_ts': 1664541468267} to topic sales-usd partition 0 offset 2299
2022-09-30 18:07:53 root         INFO     Produced {'seller_id': 'DEN', 'amount_usd': 234, 'sale_ts': 1664541473475} to topic sales-usd partition 0 offset 2309
2022-09-30 18:07:58 root         INFO     Produced {'seller_id': 'OMA', 'amount_usd': 776, 'sale_ts': 1664541478683} to topic sales-usd partition 0 offset 2319
2022-09-30 18:08:04 root         INFO     Produced {'seller_id': 'KC', 'amount_usd': 719, 'sale_ts': 1664541483893} to topic sales-usd partition 0 offset 2329
2022-09-30 18:08:09 root         INFO     Produced {'seller_id': 'OMA', 'amount_usd': 112, 'sale_ts': 1664541489101} to topic sales-usd partition 0 offset 2339
2022-09-30 18:08:14 root         INFO     Produced {'seller_id': 'OMA', 'amount_usd': 674, 'sale_ts': 1664541494307} to topic sales-usd partition 0 offset 2349
2022-09-30 18:08:19 root         INFO     Produced {'seller_id': 'LNK', 'amount_usd': 808, 'sale_ts': 1664541499515} to topic sales-usd partition 0 offset 2359
2022-09-30 18:08:24 root         INFO     Produced {'seller_id': 'DEN', 'amount_usd': 303, 'sale_ts': 1664541504723} to topic sales-usd partition 0 offset 2369
2022-09-30 18:08:30 root         INFO     Produced {'seller_id': 'KC', 'amount_usd': 952, 'sale_ts': 1664541509931} to topic sales-usd partition 0 offset 2379
2022-09-30 18:08:35 root         INFO     Produced {'seller_id': 'OMA', 'amount_usd': 194, 'sale_ts': 1664541515135} to topic sales-usd partition 0 offset 2389
2022-09-30 18:08:40 root         INFO     Produced {'seller_id': 'OMA', 'amount_usd': 946, 'sale_ts': 1664541520343} to topic sales-usd partition 0 offset 2399
2022-09-30 18:08:45 root         INFO     Produced {'seller_id': 'OMA', 'amount_usd': 666, 'sale_ts': 1664541525551} to topic sales-usd partition 0 offset 2409
2022-09-30 18:08:50 root         INFO     Produced {'seller_id': 'DEN', 'amount_usd': 231, 'sale_ts': 1664541530759} to topic sales-usd partition 0 offset 2419
2022-09-30 18:08:56 root         INFO     Produced {'seller_id': 'OMA', 'amount_usd': 515, 'sale_ts': 1664541535969} to topic sales-usd partition 0 offset 2429
2022-09-30 18:09:01 root         INFO     Produced {'seller_id': 'DEN', 'amount_usd': 701, 'sale_ts': 1664541541175} to topic sales-usd partition 0 offset 2439
